WARNING - 2023-07-23 12:57:47 --> [DEPRECATED] Creation of dynamic property App\Controllers\Pegawai::$model is deprecated in APPPATH\Controllers\Pegawai.php on line 13.
 1 SYSTEMPATH\CodeIgniter.php(904): App\Controllers\Pegawai->__construct()
 2 SYSTEMPATH\CodeIgniter.php(488): CodeIgniter\CodeIgniter->createController()
 3 SYSTEMPATH\CodeIgniter.php(366): CodeIgniter\CodeIgniter->handleRequest(null, Object(Config\Cache), false)
 4 FCPATH\index.php(67): CodeIgniter\CodeIgniter->run()
ERROR - 2023-07-23 12:57:47 --> Error connecting to the database: mysqli_sql_exception: Access denied for user 'root'@'localhost' (using password: NO) in C:\xampp\htdocs\ci4restapi\system\Database\MySQLi\Connection.php:173
Stack trace:
#0 C:\xampp\htdocs\ci4restapi\system\Database\MySQLi\Connection.php(173): mysqli->real_connect('localhost', 'root', Object(SensitiveParameterValue), 'ci4restapi', 3306, '', 0)
#1 C:\xampp\htdocs\ci4restapi\system\Database\BaseConnection.php(391): CodeIgniter\Database\MySQLi\Connection->connect(false)
#2 C:\xampp\htdocs\ci4restapi\system\Database\BaseConnection.php(574): CodeIgniter\Database\BaseConnection->initialize()
#3 C:\xampp\htdocs\ci4restapi\system\Database\BaseBuilder.php(2309): CodeIgniter\Database\BaseConnection->query('INSERT INTO `pe...', Array, false)
#4 C:\xampp\htdocs\ci4restapi\system\Model.php(330): CodeIgniter\Database\BaseBuilder->insert()
#5 C:\xampp\htdocs\ci4restapi\system\BaseModel.php(782): CodeIgniter\Model->doInsert(Array)
#6 C:\xampp\htdocs\ci4restapi\system\Model.php(730): CodeIgniter\BaseModel->insert(Array, false)
#7 C:\xampp\htdocs\ci4restapi\system\BaseModel.php(692): CodeIgniter\Model->insert(Array, false)
#8 C:\xampp\htdocs\ci4restapi\app\Controllers\Pegawai.php(26): CodeIgniter\BaseModel->save(Array)
#9 C:\xampp\htdocs\ci4restapi\system\CodeIgniter.php(932): App\Controllers\Pegawai->create()
#10 C:\xampp\htdocs\ci4restapi\system\CodeIgniter.php(497): CodeIgniter\CodeIgniter->runController(Object(App\Controllers\Pegawai))
#11 C:\xampp\htdocs\ci4restapi\system\CodeIgniter.php(366): CodeIgniter\CodeIgniter->handleRequest(NULL, Object(Config\Cache), false)
#12 C:\xampp\htdocs\ci4restapi\public\index.php(67): CodeIgniter\CodeIgniter->run()
#13 {main}

Next CodeIgniter\Database\Exceptions\DatabaseException: Access denied for user '****'@'localhost' (using password: NO) in C:\xampp\htdocs\ci4restapi\system\Database\MySQLi\Connection.php:218
Stack trace:
#0 C:\xampp\htdocs\ci4restapi\system\Database\BaseConnection.php(391): CodeIgniter\Database\MySQLi\Connection->connect(false)
#1 C:\xampp\htdocs\ci4restapi\system\Database\BaseConnection.php(574): CodeIgniter\Database\BaseConnection->initialize()
#2 C:\xampp\htdocs\ci4restapi\system\Database\BaseBuilder.php(2309): CodeIgniter\Database\BaseConnection->query('INSERT INTO `pe...', Array, false)
#3 C:\xampp\htdocs\ci4restapi\system\Model.php(330): CodeIgniter\Database\BaseBuilder->insert()
#4 C:\xampp\htdocs\ci4restapi\system\BaseModel.php(782): CodeIgniter\Model->doInsert(Array)
#5 C:\xampp\htdocs\ci4restapi\system\Model.php(730): CodeIgniter\BaseModel->insert(Array, false)
#6 C:\xampp\htdocs\ci4restapi\system\BaseModel.php(692): CodeIgniter\Model->insert(Array, false)
#7 C:\xampp\htdocs\ci4restapi\app\Controllers\Pegawai.php(26): CodeIgniter\BaseModel->save(Array)
#8 C:\xampp\htdocs\ci4restapi\system\CodeIgniter.php(932): App\Controllers\Pegawai->create()
#9 C:\xampp\htdocs\ci4restapi\system\CodeIgniter.php(497): CodeIgniter\CodeIgniter->runController(Object(App\Controllers\Pegawai))
#10 C:\xampp\htdocs\ci4restapi\system\CodeIgniter.php(366): CodeIgniter\CodeIgniter->handleRequest(NULL, Object(Config\Cache), false)
#11 C:\xampp\htdocs\ci4restapi\public\index.php(67): CodeIgniter\CodeIgniter->run()
#12 {main}
CRITICAL - 2023-07-23 12:57:47 --> Unable to connect to the database.
Main connection [MySQLi]: Access denied for user '****'@'localhost' (using password: NO)
in SYSTEMPATH\Database\BaseConnection.php on line 427.
 1 SYSTEMPATH\Database\BaseConnection.php(574): CodeIgniter\Database\BaseConnection->initialize()
 2 SYSTEMPATH\Database\BaseBuilder.php(2309): CodeIgniter\Database\BaseConnection->query('INSERT INTO `pegawai` (`nama`, `email`) VALUES (:nama:, :email:)', [...], false)
 3 SYSTEMPATH\Model.php(330): CodeIgniter\Database\BaseBuilder->insert()
 4 SYSTEMPATH\BaseModel.php(782): CodeIgniter\Model->doInsert([...])
 5 SYSTEMPATH\Model.php(730): CodeIgniter\BaseModel->insert([...], false)
 6 SYSTEMPATH\BaseModel.php(692): CodeIgniter\Model->insert([...], false)
 7 APPPATH\Controllers\Pegawai.php(26): CodeIgniter\BaseModel->save([...])
 8 SYSTEMPATH\CodeIgniter.php(932): App\Controllers\Pegawai->create()
 9 SYSTEMPATH\CodeIgniter.php(497): CodeIgniter\CodeIgniter->runController(Object(App\Controllers\Pegawai))
10 SYSTEMPATH\CodeIgniter.php(366): CodeIgniter\CodeIgniter->handleRequest(null, Object(Config\Cache), false)
11 FCPATH\index.php(67): CodeIgniter\CodeIgniter->run()
WARNING - 2023-07-23 12:58:33 --> [DEPRECATED] Creation of dynamic property App\Controllers\Pegawai::$model is deprecated in APPPATH\Controllers\Pegawai.php on line 13.
 1 SYSTEMPATH\CodeIgniter.php(904): App\Controllers\Pegawai->__construct()
 2 SYSTEMPATH\CodeIgniter.php(488): CodeIgniter\CodeIgniter->createController()
 3 SYSTEMPATH\CodeIgniter.php(366): CodeIgniter\CodeIgniter->handleRequest(null, Object(Config\Cache), false)
 4 FCPATH\index.php(67): CodeIgniter\CodeIgniter->run()
ERROR - 2023-07-23 12:58:33 --> Error connecting to the database: mysqli_sql_exception: Access denied for user 'root'@'localhost' (using password: NO) in C:\xampp\htdocs\ci4restapi\system\Database\MySQLi\Connection.php:173
Stack trace:
#0 C:\xampp\htdocs\ci4restapi\system\Database\MySQLi\Connection.php(173): mysqli->real_connect('localhost', 'root', Object(SensitiveParameterValue), 'ci4restapi', 3306, '', 0)
#1 C:\xampp\htdocs\ci4restapi\system\Database\BaseConnection.php(391): CodeIgniter\Database\MySQLi\Connection->connect(false)
#2 C:\xampp\htdocs\ci4restapi\system\Database\BaseConnection.php(574): CodeIgniter\Database\BaseConnection->initialize()
#3 C:\xampp\htdocs\ci4restapi\system\Database\BaseBuilder.php(2309): CodeIgniter\Database\BaseConnection->query('INSERT INTO `pe...', Array, false)
#4 C:\xampp\htdocs\ci4restapi\system\Model.php(330): CodeIgniter\Database\BaseBuilder->insert()
#5 C:\xampp\htdocs\ci4restapi\system\BaseModel.php(782): CodeIgniter\Model->doInsert(Array)
#6 C:\xampp\htdocs\ci4restapi\system\Model.php(730): CodeIgniter\BaseModel->insert(Array, false)
#7 C:\xampp\htdocs\ci4restapi\system\BaseModel.php(692): CodeIgniter\Model->insert(Array, false)
#8 C:\xampp\htdocs\ci4restapi\app\Controllers\Pegawai.php(26): CodeIgniter\BaseModel->save(Array)
#9 C:\xampp\htdocs\ci4restapi\system\CodeIgniter.php(932): App\Controllers\Pegawai->create()
#10 C:\xampp\htdocs\ci4restapi\system\CodeIgniter.php(497): CodeIgniter\CodeIgniter->runController(Object(App\Controllers\Pegawai))
#11 C:\xampp\htdocs\ci4restapi\system\CodeIgniter.php(366): CodeIgniter\CodeIgniter->handleRequest(NULL, Object(Config\Cache), false)
#12 C:\xampp\htdocs\ci4restapi\public\index.php(67): CodeIgniter\CodeIgniter->run()
#13 {main}

Next CodeIgniter\Database\Exceptions\DatabaseException: Access denied for user '****'@'localhost' (using password: NO) in C:\xampp\htdocs\ci4restapi\system\Database\MySQLi\Connection.php:218
Stack trace:
#0 C:\xampp\htdocs\ci4restapi\system\Database\BaseConnection.php(391): CodeIgniter\Database\MySQLi\Connection->connect(false)
#1 C:\xampp\htdocs\ci4restapi\system\Database\BaseConnection.php(574): CodeIgniter\Database\BaseConnection->initialize()
#2 C:\xampp\htdocs\ci4restapi\system\Database\BaseBuilder.php(2309): CodeIgniter\Database\BaseConnection->query('INSERT INTO `pe...', Array, false)
#3 C:\xampp\htdocs\ci4restapi\system\Model.php(330): CodeIgniter\Database\BaseBuilder->insert()
#4 C:\xampp\htdocs\ci4restapi\system\BaseModel.php(782): CodeIgniter\Model->doInsert(Array)
#5 C:\xampp\htdocs\ci4restapi\system\Model.php(730): CodeIgniter\BaseModel->insert(Array, false)
#6 C:\xampp\htdocs\ci4restapi\system\BaseModel.php(692): CodeIgniter\Model->insert(Array, false)
#7 C:\xampp\htdocs\ci4restapi\app\Controllers\Pegawai.php(26): CodeIgniter\BaseModel->save(Array)
#8 C:\xampp\htdocs\ci4restapi\system\CodeIgniter.php(932): App\Controllers\Pegawai->create()
#9 C:\xampp\htdocs\ci4restapi\system\CodeIgniter.php(497): CodeIgniter\CodeIgniter->runController(Object(App\Controllers\Pegawai))
#10 C:\xampp\htdocs\ci4restapi\system\CodeIgniter.php(366): CodeIgniter\CodeIgniter->handleRequest(NULL, Object(Config\Cache), false)
#11 C:\xampp\htdocs\ci4restapi\public\index.php(67): CodeIgniter\CodeIgniter->run()
#12 {main}
CRITICAL - 2023-07-23 12:58:33 --> Unable to connect to the database.
Main connection [MySQLi]: Access denied for user '****'@'localhost' (using password: NO)
in SYSTEMPATH\Database\BaseConnection.php on line 427.
 1 SYSTEMPATH\Database\BaseConnection.php(574): CodeIgniter\Database\BaseConnection->initialize()
 2 SYSTEMPATH\Database\BaseBuilder.php(2309): CodeIgniter\Database\BaseConnection->query('INSERT INTO `pegawai` (`nama`, `email`) VALUES (:nama:, :email:)', [...], false)
 3 SYSTEMPATH\Model.php(330): CodeIgniter\Database\BaseBuilder->insert()
 4 SYSTEMPATH\BaseModel.php(782): CodeIgniter\Model->doInsert([...])
 5 SYSTEMPATH\Model.php(730): CodeIgniter\BaseModel->insert([...], false)
 6 SYSTEMPATH\BaseModel.php(692): CodeIgniter\Model->insert([...], false)
 7 APPPATH\Controllers\Pegawai.php(26): CodeIgniter\BaseModel->save([...])
 8 SYSTEMPATH\CodeIgniter.php(932): App\Controllers\Pegawai->create()
 9 SYSTEMPATH\CodeIgniter.php(497): CodeIgniter\CodeIgniter->runController(Object(App\Controllers\Pegawai))
10 SYSTEMPATH\CodeIgniter.php(366): CodeIgniter\CodeIgniter->handleRequest(null, Object(Config\Cache), false)
11 FCPATH\index.php(67): CodeIgniter\CodeIgniter->run()
WARNING - 2023-07-23 12:59:25 --> [DEPRECATED] Creation of dynamic property App\Controllers\Pegawai::$model is deprecated in APPPATH\Controllers\Pegawai.php on line 13.
 1 SYSTEMPATH\CodeIgniter.php(904): App\Controllers\Pegawai->__construct()
 2 SYSTEMPATH\CodeIgniter.php(488): CodeIgniter\CodeIgniter->createController()
 3 SYSTEMPATH\CodeIgniter.php(366): CodeIgniter\CodeIgniter->handleRequest(null, Object(Config\Cache), false)
 4 FCPATH\index.php(67): CodeIgniter\CodeIgniter->run()
ERROR - 2023-07-23 12:59:25 --> Error connecting to the database: mysqli_sql_exception: Access denied for user 'root'@'localhost' (using password: NO) in C:\xampp\htdocs\ci4restapi\system\Database\MySQLi\Connection.php:173
Stack trace:
#0 C:\xampp\htdocs\ci4restapi\system\Database\MySQLi\Connection.php(173): mysqli->real_connect('localhost', 'root', Object(SensitiveParameterValue), 'ci4restapi', 3306, '', 0)
#1 C:\xampp\htdocs\ci4restapi\system\Database\BaseConnection.php(391): CodeIgniter\Database\MySQLi\Connection->connect(false)
#2 C:\xampp\htdocs\ci4restapi\system\Database\BaseConnection.php(574): CodeIgniter\Database\BaseConnection->initialize()
#3 C:\xampp\htdocs\ci4restapi\system\Database\BaseBuilder.php(2309): CodeIgniter\Database\BaseConnection->query('INSERT INTO `pe...', Array, false)
#4 C:\xampp\htdocs\ci4restapi\system\Model.php(330): CodeIgniter\Database\BaseBuilder->insert()
#5 C:\xampp\htdocs\ci4restapi\system\BaseModel.php(782): CodeIgniter\Model->doInsert(Array)
#6 C:\xampp\htdocs\ci4restapi\system\Model.php(730): CodeIgniter\BaseModel->insert(Array, false)
#7 C:\xampp\htdocs\ci4restapi\system\BaseModel.php(692): CodeIgniter\Model->insert(Array, false)
#8 C:\xampp\htdocs\ci4restapi\app\Controllers\Pegawai.php(26): CodeIgniter\BaseModel->save(Array)
#9 C:\xampp\htdocs\ci4restapi\system\CodeIgniter.php(932): App\Controllers\Pegawai->create()
#10 C:\xampp\htdocs\ci4restapi\system\CodeIgniter.php(497): CodeIgniter\CodeIgniter->runController(Object(App\Controllers\Pegawai))
#11 C:\xampp\htdocs\ci4restapi\system\CodeIgniter.php(366): CodeIgniter\CodeIgniter->handleRequest(NULL, Object(Config\Cache), false)
#12 C:\xampp\htdocs\ci4restapi\public\index.php(67): CodeIgniter\CodeIgniter->run()
#13 {main}

Next CodeIgniter\Database\Exceptions\DatabaseException: Access denied for user '****'@'localhost' (using password: NO) in C:\xampp\htdocs\ci4restapi\system\Database\MySQLi\Connection.php:218
Stack trace:
#0 C:\xampp\htdocs\ci4restapi\system\Database\BaseConnection.php(391): CodeIgniter\Database\MySQLi\Connection->connect(false)
#1 C:\xampp\htdocs\ci4restapi\system\Database\BaseConnection.php(574): CodeIgniter\Database\BaseConnection->initialize()
#2 C:\xampp\htdocs\ci4restapi\system\Database\BaseBuilder.php(2309): CodeIgniter\Database\BaseConnection->query('INSERT INTO `pe...', Array, false)
#3 C:\xampp\htdocs\ci4restapi\system\Model.php(330): CodeIgniter\Database\BaseBuilder->insert()
#4 C:\xampp\htdocs\ci4restapi\system\BaseModel.php(782): CodeIgniter\Model->doInsert(Array)
#5 C:\xampp\htdocs\ci4restapi\system\Model.php(730): CodeIgniter\BaseModel->insert(Array, false)
#6 C:\xampp\htdocs\ci4restapi\system\BaseModel.php(692): CodeIgniter\Model->insert(Array, false)
#7 C:\xampp\htdocs\ci4restapi\app\Controllers\Pegawai.php(26): CodeIgniter\BaseModel->save(Array)
#8 C:\xampp\htdocs\ci4restapi\system\CodeIgniter.php(932): App\Controllers\Pegawai->create()
#9 C:\xampp\htdocs\ci4restapi\system\CodeIgniter.php(497): CodeIgniter\CodeIgniter->runController(Object(App\Controllers\Pegawai))
#10 C:\xampp\htdocs\ci4restapi\system\CodeIgniter.php(366): CodeIgniter\CodeIgniter->handleRequest(NULL, Object(Config\Cache), false)
#11 C:\xampp\htdocs\ci4restapi\public\index.php(67): CodeIgniter\CodeIgniter->run()
#12 {main}
CRITICAL - 2023-07-23 12:59:25 --> Unable to connect to the database.
Main connection [MySQLi]: Access denied for user '****'@'localhost' (using password: NO)
in SYSTEMPATH\Database\BaseConnection.php on line 427.
 1 SYSTEMPATH\Database\BaseConnection.php(574): CodeIgniter\Database\BaseConnection->initialize()
 2 SYSTEMPATH\Database\BaseBuilder.php(2309): CodeIgniter\Database\BaseConnection->query('INSERT INTO `pegawai` (`nama`, `email`) VALUES (:nama:, :email:)', [...], false)
 3 SYSTEMPATH\Model.php(330): CodeIgniter\Database\BaseBuilder->insert()
 4 SYSTEMPATH\BaseModel.php(782): CodeIgniter\Model->doInsert([...])
 5 SYSTEMPATH\Model.php(730): CodeIgniter\BaseModel->insert([...], false)
 6 SYSTEMPATH\BaseModel.php(692): CodeIgniter\Model->insert([...], false)
 7 APPPATH\Controllers\Pegawai.php(26): CodeIgniter\BaseModel->save([...])
 8 SYSTEMPATH\CodeIgniter.php(932): App\Controllers\Pegawai->create()
 9 SYSTEMPATH\CodeIgniter.php(497): CodeIgniter\CodeIgniter->runController(Object(App\Controllers\Pegawai))
10 SYSTEMPATH\CodeIgniter.php(366): CodeIgniter\CodeIgniter->handleRequest(null, Object(Config\Cache), false)
11 FCPATH\index.php(67): CodeIgniter\CodeIgniter->run()
WARNING - 2023-07-23 12:59:41 --> [DEPRECATED] Creation of dynamic property App\Controllers\Pegawai::$model is deprecated in APPPATH\Controllers\Pegawai.php on line 13.
 1 SYSTEMPATH\CodeIgniter.php(904): App\Controllers\Pegawai->__construct()
 2 SYSTEMPATH\CodeIgniter.php(488): CodeIgniter\CodeIgniter->createController()
 3 SYSTEMPATH\CodeIgniter.php(366): CodeIgniter\CodeIgniter->handleRequest(null, Object(Config\Cache), false)
 4 FCPATH\index.php(67): CodeIgniter\CodeIgniter->run()
WARNING - 2023-07-23 13:05:02 --> [DEPRECATED] Creation of dynamic property App\Controllers\Pegawai::$model is deprecated in APPPATH\Controllers\Pegawai.php on line 13.
 1 SYSTEMPATH\CodeIgniter.php(904): App\Controllers\Pegawai->__construct()
 2 SYSTEMPATH\CodeIgniter.php(488): CodeIgniter\CodeIgniter->createController()
 3 SYSTEMPATH\CodeIgniter.php(366): CodeIgniter\CodeIgniter->handleRequest(null, Object(Config\Cache), false)
 4 FCPATH\index.php(67): CodeIgniter\CodeIgniter->run()
WARNING - 2023-07-23 13:15:58 --> [DEPRECATED] Creation of dynamic property App\Controllers\Pegawai::$model is deprecated in APPPATH\Controllers\Pegawai.php on line 13.
 1 SYSTEMPATH\CodeIgniter.php(904): App\Controllers\Pegawai->__construct()
 2 SYSTEMPATH\CodeIgniter.php(488): CodeIgniter\CodeIgniter->createController()
 3 SYSTEMPATH\CodeIgniter.php(366): CodeIgniter\CodeIgniter->handleRequest(null, Object(Config\Cache), false)
 4 FCPATH\index.php(67): CodeIgniter\CodeIgniter->run()
WARNING - 2023-07-23 13:16:29 --> [DEPRECATED] Creation of dynamic property App\Controllers\Pegawai::$model is deprecated in APPPATH\Controllers\Pegawai.php on line 13.
 1 SYSTEMPATH\CodeIgniter.php(904): App\Controllers\Pegawai->__construct()
 2 SYSTEMPATH\CodeIgniter.php(488): CodeIgniter\CodeIgniter->createController()
 3 SYSTEMPATH\CodeIgniter.php(366): CodeIgniter\CodeIgniter->handleRequest(null, Object(Config\Cache), false)
 4 FCPATH\index.php(67): CodeIgniter\CodeIgniter->run()
WARNING - 2023-07-23 13:26:23 --> [DEPRECATED] Creation of dynamic property App\Controllers\Pegawai::$model is deprecated in APPPATH\Controllers\Pegawai.php on line 13.
 1 SYSTEMPATH\CodeIgniter.php(904): App\Controllers\Pegawai->__construct()
 2 SYSTEMPATH\CodeIgniter.php(488): CodeIgniter\CodeIgniter->createController()
 3 SYSTEMPATH\CodeIgniter.php(366): CodeIgniter\CodeIgniter->handleRequest(null, Object(Config\Cache), false)
 4 FCPATH\index.php(67): CodeIgniter\CodeIgniter->run()
WARNING - 2023-07-23 13:26:34 --> [DEPRECATED] Creation of dynamic property App\Controllers\Pegawai::$model is deprecated in APPPATH\Controllers\Pegawai.php on line 13.
 1 SYSTEMPATH\CodeIgniter.php(904): App\Controllers\Pegawai->__construct()
 2 SYSTEMPATH\CodeIgniter.php(488): CodeIgniter\CodeIgniter->createController()
 3 SYSTEMPATH\CodeIgniter.php(366): CodeIgniter\CodeIgniter->handleRequest(null, Object(Config\Cache), false)
 4 FCPATH\index.php(67): CodeIgniter\CodeIgniter->run()
WARNING - 2023-07-23 13:26:41 --> [DEPRECATED] Creation of dynamic property App\Controllers\Pegawai::$model is deprecated in APPPATH\Controllers\Pegawai.php on line 13.
 1 SYSTEMPATH\CodeIgniter.php(904): App\Controllers\Pegawai->__construct()
 2 SYSTEMPATH\CodeIgniter.php(488): CodeIgniter\CodeIgniter->createController()
 3 SYSTEMPATH\CodeIgniter.php(366): CodeIgniter\CodeIgniter->handleRequest(null, Object(Config\Cache), false)
 4 FCPATH\index.php(67): CodeIgniter\CodeIgniter->run()
WARNING - 2023-07-23 13:26:50 --> [DEPRECATED] Creation of dynamic property App\Controllers\Pegawai::$model is deprecated in APPPATH\Controllers\Pegawai.php on line 13.
 1 SYSTEMPATH\CodeIgniter.php(904): App\Controllers\Pegawai->__construct()
 2 SYSTEMPATH\CodeIgniter.php(488): CodeIgniter\CodeIgniter->createController()
 3 SYSTEMPATH\CodeIgniter.php(366): CodeIgniter\CodeIgniter->handleRequest(null, Object(Config\Cache), false)
 4 FCPATH\index.php(67): CodeIgniter\CodeIgniter->run()
WARNING - 2023-07-23 13:30:01 --> [DEPRECATED] Creation of dynamic property App\Controllers\Pegawai::$model is deprecated in APPPATH\Controllers\Pegawai.php on line 13.
 1 SYSTEMPATH\CodeIgniter.php(904): App\Controllers\Pegawai->__construct()
 2 SYSTEMPATH\CodeIgniter.php(488): CodeIgniter\CodeIgniter->createController()
 3 SYSTEMPATH\CodeIgniter.php(366): CodeIgniter\CodeIgniter->handleRequest(null, Object(Config\Cache), false)
 4 FCPATH\index.php(67): CodeIgniter\CodeIgniter->run()
WARNING - 2023-07-23 13:31:13 --> [DEPRECATED] Creation of dynamic property App\Controllers\Pegawai::$model is deprecated in APPPATH\Controllers\Pegawai.php on line 13.
 1 SYSTEMPATH\CodeIgniter.php(904): App\Controllers\Pegawai->__construct()
 2 SYSTEMPATH\CodeIgniter.php(488): CodeIgniter\CodeIgniter->createController()
 3 SYSTEMPATH\CodeIgniter.php(366): CodeIgniter\CodeIgniter->handleRequest(null, Object(Config\Cache), false)
 4 FCPATH\index.php(67): CodeIgniter\CodeIgniter->run()
WARNING - 2023-07-23 13:35:54 --> [DEPRECATED] Creation of dynamic property App\Controllers\Pegawai::$model is deprecated in APPPATH\Controllers\Pegawai.php on line 13.
 1 SYSTEMPATH\CodeIgniter.php(904): App\Controllers\Pegawai->__construct()
 2 SYSTEMPATH\CodeIgniter.php(488): CodeIgniter\CodeIgniter->createController()
 3 SYSTEMPATH\CodeIgniter.php(366): CodeIgniter\CodeIgniter->handleRequest(null, Object(Config\Cache), false)
 4 FCPATH\index.php(67): CodeIgniter\CodeIgniter->run()
WARNING - 2023-07-23 13:35:58 --> [DEPRECATED] Creation of dynamic property App\Controllers\Pegawai::$model is deprecated in APPPATH\Controllers\Pegawai.php on line 13.
 1 SYSTEMPATH\CodeIgniter.php(904): App\Controllers\Pegawai->__construct()
 2 SYSTEMPATH\CodeIgniter.php(488): CodeIgniter\CodeIgniter->createController()
 3 SYSTEMPATH\CodeIgniter.php(366): CodeIgniter\CodeIgniter->handleRequest(null, Object(Config\Cache), false)
 4 FCPATH\index.php(67): CodeIgniter\CodeIgniter->run()
WARNING - 2023-07-23 13:36:03 --> [DEPRECATED] Creation of dynamic property App\Controllers\Pegawai::$model is deprecated in APPPATH\Controllers\Pegawai.php on line 13.
 1 SYSTEMPATH\CodeIgniter.php(904): App\Controllers\Pegawai->__construct()
 2 SYSTEMPATH\CodeIgniter.php(488): CodeIgniter\CodeIgniter->createController()
 3 SYSTEMPATH\CodeIgniter.php(366): CodeIgniter\CodeIgniter->handleRequest(null, Object(Config\Cache), false)
 4 FCPATH\index.php(67): CodeIgniter\CodeIgniter->run()
WARNING - 2023-07-23 13:45:17 --> [DEPRECATED] Creation of dynamic property App\Controllers\Pegawai::$model is deprecated in APPPATH\Controllers\Pegawai.php on line 14.
 1 SYSTEMPATH\CodeIgniter.php(904): App\Controllers\Pegawai->__construct()
 2 SYSTEMPATH\CodeIgniter.php(488): CodeIgniter\CodeIgniter->createController()
 3 SYSTEMPATH\CodeIgniter.php(366): CodeIgniter\CodeIgniter->handleRequest(null, Object(Config\Cache), false)
 4 FCPATH\index.php(67): CodeIgniter\CodeIgniter->run()
WARNING - 2023-07-23 13:46:03 --> [DEPRECATED] Creation of dynamic property App\Controllers\Pegawai::$model is deprecated in APPPATH\Controllers\Pegawai.php on line 14.
 1 SYSTEMPATH\CodeIgniter.php(904): App\Controllers\Pegawai->__construct()
 2 SYSTEMPATH\CodeIgniter.php(488): CodeIgniter\CodeIgniter->createController()
 3 SYSTEMPATH\CodeIgniter.php(366): CodeIgniter\CodeIgniter->handleRequest(null, Object(Config\Cache), false)
 4 FCPATH\index.php(67): CodeIgniter\CodeIgniter->run()
WARNING - 2023-07-23 13:46:43 --> [DEPRECATED] Creation of dynamic property App\Controllers\Pegawai::$model is deprecated in APPPATH\Controllers\Pegawai.php on line 14.
 1 SYSTEMPATH\CodeIgniter.php(904): App\Controllers\Pegawai->__construct()
 2 SYSTEMPATH\CodeIgniter.php(488): CodeIgniter\CodeIgniter->createController()
 3 SYSTEMPATH\CodeIgniter.php(366): CodeIgniter\CodeIgniter->handleRequest(null, Object(Config\Cache), false)
 4 FCPATH\index.php(67): CodeIgniter\CodeIgniter->run()
WARNING - 2023-07-23 13:47:03 --> [DEPRECATED] Creation of dynamic property App\Controllers\Pegawai::$model is deprecated in APPPATH\Controllers\Pegawai.php on line 14.
 1 SYSTEMPATH\CodeIgniter.php(904): App\Controllers\Pegawai->__construct()
 2 SYSTEMPATH\CodeIgniter.php(488): CodeIgniter\CodeIgniter->createController()
 3 SYSTEMPATH\CodeIgniter.php(366): CodeIgniter\CodeIgniter->handleRequest(null, Object(Config\Cache), false)
 4 FCPATH\index.php(67): CodeIgniter\CodeIgniter->run()
WARNING - 2023-07-23 13:49:17 --> [DEPRECATED] Creation of dynamic property App\Controllers\Pegawai::$model is deprecated in APPPATH\Controllers\Pegawai.php on line 14.
 1 SYSTEMPATH\CodeIgniter.php(904): App\Controllers\Pegawai->__construct()
 2 SYSTEMPATH\CodeIgniter.php(488): CodeIgniter\CodeIgniter->createController()
 3 SYSTEMPATH\CodeIgniter.php(366): CodeIgniter\CodeIgniter->handleRequest(null, Object(Config\Cache), false)
 4 FCPATH\index.php(67): CodeIgniter\CodeIgniter->run()
WARNING - 2023-07-23 13:50:25 --> [DEPRECATED] Creation of dynamic property App\Controllers\Pegawai::$model is deprecated in APPPATH\Controllers\Pegawai.php on line 14.
 1 SYSTEMPATH\CodeIgniter.php(904): App\Controllers\Pegawai->__construct()
 2 SYSTEMPATH\CodeIgniter.php(488): CodeIgniter\CodeIgniter->createController()
 3 SYSTEMPATH\CodeIgniter.php(366): CodeIgniter\CodeIgniter->handleRequest(null, Object(Config\Cache), false)
 4 FCPATH\index.php(67): CodeIgniter\CodeIgniter->run()
WARNING - 2023-07-23 13:50:34 --> [DEPRECATED] Creation of dynamic property App\Controllers\Pegawai::$model is deprecated in APPPATH\Controllers\Pegawai.php on line 14.
 1 SYSTEMPATH\CodeIgniter.php(904): App\Controllers\Pegawai->__construct()
 2 SYSTEMPATH\CodeIgniter.php(488): CodeIgniter\CodeIgniter->createController()
 3 SYSTEMPATH\CodeIgniter.php(366): CodeIgniter\CodeIgniter->handleRequest(null, Object(Config\Cache), false)
 4 FCPATH\index.php(67): CodeIgniter\CodeIgniter->run()
WARNING - 2023-07-23 13:54:33 --> [DEPRECATED] Creation of dynamic property App\Controllers\Pegawai::$model is deprecated in APPPATH\Controllers\Pegawai.php on line 14.
 1 SYSTEMPATH\CodeIgniter.php(904): App\Controllers\Pegawai->__construct()
 2 SYSTEMPATH\CodeIgniter.php(488): CodeIgniter\CodeIgniter->createController()
 3 SYSTEMPATH\CodeIgniter.php(366): CodeIgniter\CodeIgniter->handleRequest(null, Object(Config\Cache), false)
 4 FCPATH\index.php(67): CodeIgniter\CodeIgniter->run()
WARNING - 2023-07-23 13:56:47 --> [DEPRECATED] Creation of dynamic property App\Controllers\Pegawai::$model is deprecated in APPPATH\Controllers\Pegawai.php on line 14.
 1 SYSTEMPATH\CodeIgniter.php(904): App\Controllers\Pegawai->__construct()
 2 SYSTEMPATH\CodeIgniter.php(488): CodeIgniter\CodeIgniter->createController()
 3 SYSTEMPATH\CodeIgniter.php(366): CodeIgniter\CodeIgniter->handleRequest(null, Object(Config\Cache), false)
 4 FCPATH\index.php(67): CodeIgniter\CodeIgniter->run()
WARNING - 2023-07-23 14:01:06 --> [DEPRECATED] Creation of dynamic property App\Controllers\Pegawai::$model is deprecated in APPPATH\Controllers\Pegawai.php on line 14.
 1 SYSTEMPATH\CodeIgniter.php(904): App\Controllers\Pegawai->__construct()
 2 SYSTEMPATH\CodeIgniter.php(488): CodeIgniter\CodeIgniter->createController()
 3 SYSTEMPATH\CodeIgniter.php(366): CodeIgniter\CodeIgniter->handleRequest(null, Object(Config\Cache), false)
 4 FCPATH\index.php(67): CodeIgniter\CodeIgniter->run()
